<?xml version="1.0" encoding="UTF-8"?>
<testng-results skipped="0" failed="0" total="2" passed="2">
  <reporter-output>
  </reporter-output>
  <suite name="practice" duration-ms="121" started-at="2014-10-27T00:24:08Z" finished-at="2014-10-27T00:24:08Z">
    <groups>
    </groups>
    <test name="hash map" duration-ms="71" started-at="2014-10-27T00:24:08Z" finished-at="2014-10-27T00:24:08Z">
      <class name="practice.hmiteratioin">
        <test-method status="PASS" signature="abcd()[pri:0, instance:practice.hmiteratioin@5328f6ee]" name="abcd" duration-ms="30" started-at="2014-10-26T20:24:08Z" finished-at="2014-10-26T20:24:08Z">
          <reporter-output>
          </reporter-output>
        </test-method> <!-- abcd -->
      </class> <!-- practice.hmiteratioin -->
    </test> <!-- hash map -->
    <test name="dup num" duration-ms="0" started-at="2014-10-27T00:24:08Z" finished-at="2014-10-27T00:24:08Z">
      <class name="practice.NumberReverse">
        <test-method status="PASS" signature="number()[pri:0, instance:practice.NumberReverse@28bb0d0d]" name="number" duration-ms="0" started-at="2014-10-26T20:24:08Z" finished-at="2014-10-26T20:24:08Z">
          <reporter-output>
          </reporter-output>
        </test-method> <!-- number -->
      </class> <!-- practice.NumberReverse -->
    </test> <!-- dup num -->
  </suite> <!-- practice -->
</testng-results>
